Compiling the C compiler identification source file "CMakeCCompilerId.c" failed.
Compiler: /Library/Developer/CommandLineTools/usr/bin/cc 
Build flags: 
Id flags:  

The output was:
1
ld: library not found for -lSystem
clang: error: linker command failed with exit code 1 (use -v to see invocation)


Compiling the CXX compiler identification source file "CMakeCXXCompilerId.cpp" failed.
Compiler: /Library/Developer/CommandLineTools/usr/bin/c++ 
Build flags: 
Id flags:  

The output was:
1
ld: library not found for -lc++
clang: error: linker command failed with exit code 1 (use -v to see invocation)


Determining if the __GLIBC__ exist failed with the following output:
Change Dir: /Users/avi/Newton/cmake-build-debug/CMakeFiles/CMakeTmp

Run Build Command(s):/Applications/CLion.app/Contents/bin/ninja/mac/ninja cmTC_db24a && [1/2] Building C object CMakeFiles/cmTC_db24a.dir/CheckSymbolExists.c.o
FAILED: CMakeFiles/cmTC_db24a.dir/CheckSymbolExists.c.o 
/Library/Developer/CommandLineTools/usr/bin/cc   -arch arm64 -isysroot /Library/Developer/CommandLineTools/SDKs/MacOSX13.1.sdk -fcolor-diagnostics -MD -MT CMakeFiles/cmTC_db24a.dir/CheckSymbolExists.c.o -MF CMakeFiles/cmTC_db24a.dir/CheckSymbolExists.c.o.d -o CMakeFiles/cmTC_db24a.dir/CheckSymbolExists.c.o -c /Users/avi/Newton/cmake-build-debug/CMakeFiles/CMakeTmp/CheckSymbolExists.c
/Users/avi/Newton/cmake-build-debug/CMakeFiles/CMakeTmp/CheckSymbolExists.c:8:19: error: use of undeclared identifier '__GLIBC__'
  return ((int*)(&__GLIBC__))[argc];
                  ^
1 error generated.
ninja: build stopped: subcommand failed.


File /Users/avi/Newton/cmake-build-debug/CMakeFiles/CMakeTmp/CheckSymbolExists.c:
/* */
#include <stdlib.h>

int main(int argc, char** argv)
{
  (void)argv;
#ifndef __GLIBC__
  return ((int*)(&__GLIBC__))[argc];
#else
  (void)argc;
  return 0;
#endif
}
Performing C SOURCE FILE Test CHECK_CPU_ARCHITECTURE_X86 failed with the following output:
Change Dir: /Users/avi/Newton/cmake-build-debug/CMakeFiles/CMakeTmp

Run Build Command(s):/Applications/CLion.app/Contents/bin/ninja/mac/ninja cmTC_0f8ad && [1/2] Building C object CMakeFiles/cmTC_0f8ad.dir/src.c.o
FAILED: CMakeFiles/cmTC_0f8ad.dir/src.c.o 
/Library/Developer/CommandLineTools/usr/bin/cc -DCHECK_CPU_ARCHITECTURE_X86  -arch arm64 -isysroot /Library/Developer/CommandLineTools/SDKs/MacOSX13.1.sdk -fcolor-diagnostics -MD -MT CMakeFiles/cmTC_0f8ad.dir/src.c.o -MF CMakeFiles/cmTC_0f8ad.dir/src.c.o.d -o CMakeFiles/cmTC_0f8ad.dir/src.c.o -c /Users/avi/Newton/cmake-build-debug/CMakeFiles/CMakeTmp/src.c
/Users/avi/Newton/cmake-build-debug/CMakeFiles/CMakeTmp/src.c:6:3: error: use of undeclared identifier 'choke'
  choke
  ^
1 error generated.
ninja: build stopped: subcommand failed.


Source file was:

int main(int argc, char *argv[]) {
#if defined(__i386__) || defined(__i486__) || defined(__i586__) || defined(__i686__) ||defined( __i386) || defined(_M_IX86)
  return 0;
#else
  choke
#endif
}

Performing C SOURCE FILE Test CHECK_CPU_ARCHITECTURE_X64 failed with the following output:
Change Dir: /Users/avi/Newton/cmake-build-debug/CMakeFiles/CMakeTmp

Run Build Command(s):/Applications/CLion.app/Contents/bin/ninja/mac/ninja cmTC_a17d1 && [1/2] Building C object CMakeFiles/cmTC_a17d1.dir/src.c.o
FAILED: CMakeFiles/cmTC_a17d1.dir/src.c.o 
/Library/Developer/CommandLineTools/usr/bin/cc -DCHECK_CPU_ARCHITECTURE_X64  -arch arm64 -isysroot /Library/Developer/CommandLineTools/SDKs/MacOSX13.1.sdk -fcolor-diagnostics -MD -MT CMakeFiles/cmTC_a17d1.dir/src.c.o -MF CMakeFiles/cmTC_a17d1.dir/src.c.o.d -o CMakeFiles/cmTC_a17d1.dir/src.c.o -c /Users/avi/Newton/cmake-build-debug/CMakeFiles/CMakeTmp/src.c
/Users/avi/Newton/cmake-build-debug/CMakeFiles/CMakeTmp/src.c:6:3: error: use of undeclared identifier 'choke'
  choke
  ^
1 error generated.
ninja: build stopped: subcommand failed.


Source file was:

int main(int argc, char *argv[]) {
#if defined(__amd64__) || defined(__amd64) || defined(__x86_64__) || defined(__x86_64) || defined(_M_X64) || defined(_M_AMD64)
  return 0;
#else
  choke
#endif
}

Performing C SOURCE FILE Test CHECK_CPU_ARCHITECTURE_ARM32 failed with the following output:
Change Dir: /Users/avi/Newton/cmake-build-debug/CMakeFiles/CMakeTmp

Run Build Command(s):/Applications/CLion.app/Contents/bin/ninja/mac/ninja cmTC_8faea && [1/2] Building C object CMakeFiles/cmTC_8faea.dir/src.c.o
FAILED: CMakeFiles/cmTC_8faea.dir/src.c.o 
/Library/Developer/CommandLineTools/usr/bin/cc -DCHECK_CPU_ARCHITECTURE_ARM32  -arch arm64 -isysroot /Library/Developer/CommandLineTools/SDKs/MacOSX13.1.sdk -fcolor-diagnostics -MD -MT CMakeFiles/cmTC_8faea.dir/src.c.o -MF CMakeFiles/cmTC_8faea.dir/src.c.o.d -o CMakeFiles/cmTC_8faea.dir/src.c.o -c /Users/avi/Newton/cmake-build-debug/CMakeFiles/CMakeTmp/src.c
/Users/avi/Newton/cmake-build-debug/CMakeFiles/CMakeTmp/src.c:6:3: error: use of undeclared identifier 'choke'
  choke
  ^
1 error generated.
ninja: build stopped: subcommand failed.


Source file was:

int main(int argc, char *argv[]) {
#if defined(__arm__) || defined(_M_ARM)
  return 0;
#else
  choke
#endif
}

Performing C SOURCE FILE Test CHECK_CPU_ARCHITECTURE_LOONGARCH64 failed with the following output:
Change Dir: /Users/avi/Newton/cmake-build-debug/CMakeFiles/CMakeTmp

Run Build Command(s):/Applications/CLion.app/Contents/bin/ninja/mac/ninja cmTC_44ef9 && [1/2] Building C object CMakeFiles/cmTC_44ef9.dir/src.c.o
FAILED: CMakeFiles/cmTC_44ef9.dir/src.c.o 
/Library/Developer/CommandLineTools/usr/bin/cc -DCHECK_CPU_ARCHITECTURE_LOONGARCH64  -arch arm64 -isysroot /Library/Developer/CommandLineTools/SDKs/MacOSX13.1.sdk -fcolor-diagnostics -MD -MT CMakeFiles/cmTC_44ef9.dir/src.c.o -MF CMakeFiles/cmTC_44ef9.dir/src.c.o.d -o CMakeFiles/cmTC_44ef9.dir/src.c.o -c /Users/avi/Newton/cmake-build-debug/CMakeFiles/CMakeTmp/src.c
/Users/avi/Newton/cmake-build-debug/CMakeFiles/CMakeTmp/src.c:6:3: error: use of undeclared identifier 'choke'
  choke
  ^
1 error generated.
ninja: build stopped: subcommand failed.


Source file was:

int main(int argc, char *argv[]) {
#if defined(__loongarch64)
  return 0;
#else
  choke
#endif
}

Performing C SOURCE FILE Test HAVE_WL_VERSION_SCRIPT failed with the following output:
Change Dir: /Users/avi/Newton/cmake-build-debug/CMakeFiles/CMakeTmp

Run Build Command(s):/Applications/CLion.app/Contents/bin/ninja/mac/ninja cmTC_72f46 && [1/2] Building C object CMakeFiles/cmTC_72f46.dir/src.c.o
[2/2] Linking C executable cmTC_72f46
FAILED: cmTC_72f46 
: && /Library/Developer/CommandLineTools/usr/bin/cc -arch arm64 -isysroot /Library/Developer/CommandLineTools/SDKs/MacOSX13.1.sdk -Wl,-search_paths_first -Wl,-headerpad_max_install_names -Wl,--version-script=/Users/avi/Newton/vendor/imgui/SDL/src/dynapi/SDL_dynapi.sym CMakeFiles/cmTC_72f46.dir/src.c.o -o cmTC_72f46   && :
ld: unknown option: --version-script=/Users/avi/Newton/vendor/imgui/SDL/src/dynapi/SDL_dynapi.sym
clang: error: linker command failed with exit code 1 (use -v to see invocation)
ninja: build stopped: subcommand failed.


Source file was:
int main(void) { return 0; }
Performing C SOURCE FILE Test HAVE_GCC_PREFERRED_STACK_BOUNDARY failed with the following output:
Change Dir: /Users/avi/Newton/cmake-build-debug/CMakeFiles/CMakeTmp

Run Build Command(s):/Applications/CLion.app/Contents/bin/ninja/mac/ninja cmTC_50bdf && [1/2] Building C object CMakeFiles/cmTC_50bdf.dir/src.c.o
FAILED: CMakeFiles/cmTC_50bdf.dir/src.c.o 
/Library/Developer/CommandLineTools/usr/bin/cc -DHAVE_GCC_PREFERRED_STACK_BOUNDARY  -idirafter "/Users/avi/Newton/vendor/imgui/SDL/src/video/khronos"  -mpreferred-stack-boundary=2 -arch arm64 -isysroot /Library/Developer/CommandLineTools/SDKs/MacOSX13.1.sdk -fcolor-diagnostics -MD -MT CMakeFiles/cmTC_50bdf.dir/src.c.o -MF CMakeFiles/cmTC_50bdf.dir/src.c.o.d -o CMakeFiles/cmTC_50bdf.dir/src.c.o -c /Users/avi/Newton/cmake-build-debug/CMakeFiles/CMakeTmp/src.c
clang: error: unknown argument: '-mpreferred-stack-boundary=2'
ninja: build stopped: subcommand failed.


Source file was:
int x = 0; int main(int argc, char **argv) { return 0; }
Determining if the include file immintrin.h exists failed with the following output:
Change Dir: /Users/avi/Newton/cmake-build-debug/CMakeFiles/CMakeTmp

Run Build Command(s):/Applications/CLion.app/Contents/bin/ninja/mac/ninja cmTC_6f7c3 && [1/2] Building C object CMakeFiles/cmTC_6f7c3.dir/CheckIncludeFile.c.o
FAILED: CMakeFiles/cmTC_6f7c3.dir/CheckIncludeFile.c.o 
/Library/Developer/CommandLineTools/usr/bin/cc   -idirafter "/Users/avi/Newton/vendor/imgui/SDL/src/video/khronos"  -arch arm64 -isysroot /Library/Developer/CommandLineTools/SDKs/MacOSX13.1.sdk -fcolor-diagnostics -MD -MT CMakeFiles/cmTC_6f7c3.dir/CheckIncludeFile.c.o -MF CMakeFiles/cmTC_6f7c3.dir/CheckIncludeFile.c.o.d -o CMakeFiles/cmTC_6f7c3.dir/CheckIncludeFile.c.o -c /Users/avi/Newton/cmake-build-debug/CMakeFiles/CMakeTmp/CheckIncludeFile.c
In file included from /Users/avi/Newton/cmake-build-debug/CMakeFiles/CMakeTmp/CheckIncludeFile.c:1:
/Library/Developer/CommandLineTools/usr/lib/clang/14.0.0/include/immintrin.h:14:2: error: "This header is only meant to be used on x86 and x64 architecture"
#error "This header is only meant to be used on x86 and x64 architecture"
 ^
In file included from /Users/avi/Newton/cmake-build-debug/CMakeFiles/CMakeTmp/CheckIncludeFile.c:1:
In file included from /Library/Developer/CommandLineTools/usr/lib/clang/14.0.0/include/immintrin.h:17:
In file included from /Library/Developer/CommandLineTools/usr/lib/clang/14.0.0/include/x86gprintrin.h:15:
/Library/Developer/CommandLineTools/usr/lib/clang/14.0.0/include/hresetintrin.h:42:27: error: invalid input constraint 'a' in asm
  __asm__ ("hreset $0" :: "a"(__eax));
                          ^
In file included from /Users/avi/Newton/cmake-build-debug/CMakeFiles/CMakeTmp/CheckIncludeFile.c:1:
In file included from /Library/Developer/CommandLineTools/usr/lib/clang/14.0.0/include/immintrin.h:21:
/Library/Developer/CommandLineTools/usr/lib/clang/14.0.0/include/mmintrin.h:14:2: error: "This header is only meant to be used on x86 and x64 architecture"
#error "This header is only meant to be used on x86 and x64 architecture"
 ^
/Library/Developer/CommandLineTools/usr/lib/clang/14.0.0/include/mmintrin.h:54:12: error: invalid conversion between vector type '__m64' (vector of 1 'long long' value) and integer type 'int' of different size
    return (__m64)__builtin_ia32_vec_init_v2si(__i, 0);
           ^~~~~~~~~~~~~~~~~~~~~~~~~~~~~~~~~~~~~~~~~~~
/Library/Developer/CommandLineTools/usr/lib/clang/14.0.0/include/mmintrin.h:133:12: error: invalid conversion between vector type '__m64' (vector of 1 'long long' value) and integer type 'int' of different size
    return (__m64)__builtin_ia32_packsswb((__v4hi)__m1, (__v4hi)__m2);
           ^~~~~~~~~~~~~~~~~~~~~~~~~~~~~~~~~~~~~~~~~~~~~~~~~~~~~~~~~~
/Library/Developer/CommandLineTools/usr/lib/clang/14.0.0/include/mmintrin.h:163:12: error: invalid conversion between vector type '__m64' (vector of 1 'long long' value) and integer type 'int' of different size
    return (__m64)__builtin_ia32_packssdw((__v2si)__m1, (__v2si)__m2);
           ^~~~~~~~~~~~~~~~~~~~~~~~~~~~~~~~~~~~~~~~~~~~~~~~~~~~~~~~~~
/Library/Developer/CommandLineTools/usr/lib/clang/14.0.0/include/mmintrin.h:193:12: error: invalid conversion between vector type '__m64' (vector of 1 'long long' value) and integer type 'int' of different size
    return (__m64)__builtin_ia32_packuswb((__v4hi)__m1, (__v4hi)__m2);
           ^~~~~~~~~~~~~~~~~~~~~~~~~~~~~~~~~~~~~~~~~~~~~~~~~~~~~~~~~~
/Library/Developer/CommandLineTools/usr/lib/clang/14.0.0/include/mmintrin.h:220:12: error: invalid conversion between vector type '__m64' (vector of 1 'long long' value) and integer type 'int' of different size
    return (__m64)__builtin_ia32_punpckhbw((__v8qi)__m1, (__v8qi)__m2);
           ^~~~~~~~~~~~~~~~~~~~~~~~~~~~~~~~~~~~~~~~~~~~~~~~~~~~~~~~~~~
/Library/Developer/CommandLineTools/usr/lib/clang/14.0.0/include/mmintrin.h:243:12: error: invalid conversion between vector type '__m64' (vector of 1 'long long' value) and integer type 'int' of different size
    return (__m64)__builtin_ia32_punpckhwd((__v4hi)__m1, (__v4hi)__m2);
           ^~~~~~~~~~~~~~~~~~~~~~~~~~~~~~~~~~~~~~~~~~~~~~~~~~~~~~~~~~~
/Library/Developer/CommandLineTools/usr/lib/clang/14.0.0/include/mmintrin.h:264:12: error: invalid conversion between vector type '__m64' (vector of 1 'long long' value) and integer type 'int' of different size
    return (__m64)__builtin_ia32_punpckhdq((__v2si)__m1, (__v2si)__m2);
           ^~~~~~~~~~~~~~~~~~~~~~~~~~~~~~~~~~~~~~~~~~~~~~~~~~~~~~~~~~~
/Library/Developer/CommandLineTools/usr/lib/clang/14.0.0/include/mmintrin.h:291:12: error: invalid conversion between vector type '__m64' (vector of 1 'long long' value) and integer type 'int' of different size
    return (__m64)__builtin_ia32_punpcklbw((__v8qi)__m1, (__v8qi)__m2);
           ^~~~~~~~~~~~~~~~~~~~~~~~~~~~~~~~~~~~~~~~~~~~~~~~~~~~~~~~~~~
/Library/Developer/CommandLineTools/usr/lib/clang/14.0.0/include/mmintrin.h:314:12: error: invalid conversion between vector type '__m64' (vector of 1 'long long' value) and integer type 'int' of different size
    return (__m64)__builtin_ia32_punpcklwd((__v4hi)__m1, (__v4hi)__m2);
           ^~~~~~~~~~~~~~~~~~~~~~~~~~~~~~~~~~~~~~~~~~~~~~~~~~~~~~~~~~~
/Library/Developer/CommandLineTools/usr/lib/clang/14.0.0/include/mmintrin.h:335:12: error: invalid conversion between vector type '__m64' (vector of 1 'long long' value) and integer type 'int' of different size
    return (__m64)__builtin_ia32_punpckldq((__v2si)__m1, (__v2si)__m2);
           ^~~~~~~~~~~~~~~~~~~~~~~~~~~~~~~~~~~~~~~~~~~~~~~~~~~~~~~~~~~
/Library/Developer/CommandLineTools/usr/lib/clang/14.0.0/include/mmintrin.h:356:12: error: invalid conversion between vector type '__m64' (vector of 1 'long long' value) and integer type 'int' of different size
    return (__m64)__builtin_ia32_paddb((__v8qi)__m1, (__v8qi)__m2);
           ^~~~~~~~~~~~~~~~~~~~~~~~~~~~~~~~~~~~~~~~~~~~~~~~~~~~~~~
/Library/Developer/CommandLineTools/usr/lib/clang/14.0.0/include/mmintrin.h:377:12: error: invalid conversion between vector type '__m64' (vector of 1 'long long' value) and integer type 'int' of different size
    return (__m64)__builtin_ia32_paddw((__v4hi)__m1, (__v4hi)__m2);
           ^~~~~~~~~~~~~~~~~~~~~~~~~~~~~~~~~~~~~~~~~~~~~~~~~~~~~~~
/Library/Developer/CommandLineTools/usr/lib/clang/14.0.0/include/mmintrin.h:398:12: error: invalid conversion between vector type '__m64' (vector of 1 'long long' value) and integer type 'int' of different size
    return (__m64)__builtin_ia32_paddd((__v2si)__m1, (__v2si)__m2);
           ^~~~~~~~~~~~~~~~~~~~~~~~~~~~~~~~~~~~~~~~~~~~~~~~~~~~~~~
/Library/Developer/CommandLineTools/usr/lib/clang/14.0.0/include/mmintrin.h:420:12: error: invalid conversion between vector type '__m64' (vector of 1 'long long' value) and integer type 'int' of different size
    return (__m64)__builtin_ia32_paddsb((__v8qi)__m1, (__v8qi)__m2);
           ^~~~~~~~~~~~~~~~~~~~~~~~~~~~~~~~~~~~~~~~~~~~~~~~~~~~~~~~
/Library/Developer/CommandLineTools/usr/lib/clang/14.0.0/include/mmintrin.h:443:12: error: invalid conversion between vector type '__m64' (vector of 1 'long long' value) and integer type 'int' of different size
    return (__m64)__builtin_ia32_paddsw((__v4hi)__m1, (__v4hi)__m2);
           ^~~~~~~~~~~~~~~~~~~~~~~~~~~~~~~~~~~~~~~~~~~~~~~~~~~~~~~~
/Library/Developer/CommandLineTools/usr/lib/clang/14.0.0/include/mmintrin.h:465:12: error: invalid conversion between vector type '__m64' (vector of 1 'long long' value) and integer type 'int' of different size
    return (__m64)__builtin_ia32_paddusb((__v8qi)__m1, (__v8qi)__m2);
           ^~~~~~~~~~~~~~~~~~~~~~~~~~~~~~~~~~~~~~~~~~~~~~~~~~~~~~~~~
fatal error: too many errors emitted, stopping now [-ferror-limit=]
20 errors generated.
ninja: build stopped: subcommand failed.



Performing C SOURCE FILE Test HAVE_ALTIVEC_H_HDR failed with the following output:
Change Dir: /Users/avi/Newton/cmake-build-debug/CMakeFiles/CMakeTmp

Run Build Command(s):/Applications/CLion.app/Contents/bin/ninja/mac/ninja cmTC_603c9 && [1/2] Building C object CMakeFiles/cmTC_603c9.dir/src.c.o
FAILED: CMakeFiles/cmTC_603c9.dir/src.c.o 
/Library/Developer/CommandLineTools/usr/bin/cc -DHAVE_ALTIVEC_H_HDR  -idirafter "/Users/avi/Newton/vendor/imgui/SDL/src/video/khronos"  -maltivec -arch arm64 -isysroot /Library/Developer/CommandLineTools/SDKs/MacOSX13.1.sdk -fcolor-diagnostics -MD -MT CMakeFiles/cmTC_603c9.dir/src.c.o -MF CMakeFiles/cmTC_603c9.dir/src.c.o.d -o CMakeFiles/cmTC_603c9.dir/src.c.o -c /Users/avi/Newton/cmake-build-debug/CMakeFiles/CMakeTmp/src.c
clang: warning: argument unused during compilation: '-maltivec' [-Wunused-command-line-argument]
In file included from /Users/avi/Newton/cmake-build-debug/CMakeFiles/CMakeTmp/src.c:2:
/Library/Developer/CommandLineTools/usr/lib/clang/14.0.0/include/altivec.h:13:2: error: "AltiVec support not enabled"
#error "AltiVec support not enabled"
 ^
/Library/Developer/CommandLineTools/usr/lib/clang/14.0.0/include/altivec.h:46:19: error: unknown type name 'vector'
static __inline__ vector signed char __ATTRS_o_ai vec_perm(
                  ^
/Library/Developer/CommandLineTools/usr/lib/clang/14.0.0/include/altivec.h:47:5: error: unknown type name 'vector'
    vector signed char __a, vector signed char __b, vector unsigned char __c);
    ^
/Library/Developer/CommandLineTools/usr/lib/clang/14.0.0/include/altivec.h:47:29: error: unknown type name 'vector'
    vector signed char __a, vector signed char __b, vector unsigned char __c);
                            ^
/Library/Developer/CommandLineTools/usr/lib/clang/14.0.0/include/altivec.h:47:53: error: unknown type name 'vector'
    vector signed char __a, vector signed char __b, vector unsigned char __c);
                                                    ^
/Library/Developer/CommandLineTools/usr/lib/clang/14.0.0/include/altivec.h:49:19: error: unknown type name 'vector'
static __inline__ vector unsigned char __ATTRS_o_ai
                  ^
/Library/Developer/CommandLineTools/usr/lib/clang/14.0.0/include/altivec.h:50:10: error: unknown type name 'vector'
vec_perm(vector unsigned char __a, vector unsigned char __b,
         ^
/Library/Developer/CommandLineTools/usr/lib/clang/14.0.0/include/altivec.h:50:36: error: unknown type name 'vector'
vec_perm(vector unsigned char __a, vector unsigned char __b,
                                   ^
/Library/Developer/CommandLineTools/usr/lib/clang/14.0.0/include/altivec.h:51:10: error: unknown type name 'vector'
         vector unsigned char __c);
         ^
/Library/Developer/CommandLineTools/usr/lib/clang/14.0.0/include/altivec.h:53:19: error: unknown type name 'vector'
static __inline__ vector bool char __ATTRS_o_ai
                  ^
/Library/Developer/CommandLineTools/usr/lib/clang/14.0.0/include/altivec.h:53:8: error: 'inline' can only appear on functions
static __inline__ vector bool char __ATTRS_o_ai
       ^
/Library/Developer/CommandLineTools/usr/lib/clang/14.0.0/include/altivec.h:53:30: error: expected ';' after top level declarator
static __inline__ vector bool char __ATTRS_o_ai
                             ^
/Library/Developer/CommandLineTools/usr/lib/clang/14.0.0/include/altivec.h:54:10: error: unknown type name 'vector'
vec_perm(vector bool char __a, vector bool char __b, vector unsigned char __c);
         ^
/Library/Developer/CommandLineTools/usr/lib/clang/14.0.0/include/altivec.h:54:22: error: expected ')'
vec_perm(vector bool char __a, vector bool char __b, vector unsigned char __c);
                     ^
/Library/Developer/CommandLineTools/usr/lib/clang/14.0.0/include/altivec.h:54:9: note: to match this '('
vec_perm(vector bool char __a, vector bool char __b, vector unsigned char __c);
        ^
/Library/Developer/CommandLineTools/usr/lib/clang/14.0.0/include/altivec.h:56:19: error: unknown type name 'vector'
static __inline__ vector short __ATTRS_o_ai vec_perm(vector signed short __a,
                  ^
/Library/Developer/CommandLineTools/usr/lib/clang/14.0.0/include/altivec.h:56:54: error: unknown type name 'vector'
static __inline__ vector short __ATTRS_o_ai vec_perm(vector signed short __a,
                                                     ^
/Library/Developer/CommandLineTools/usr/lib/clang/14.0.0/include/altivec.h:57:54: error: unknown type name 'vector'
                                                     vector signed short __b,
                                                     ^
/Library/Developer/CommandLineTools/usr/lib/clang/14.0.0/include/altivec.h:58:54: error: unknown type name 'vector'
                                                     vector unsigned char __c);
                                                     ^
/Library/Developer/CommandLineTools/usr/lib/clang/14.0.0/include/altivec.h:60:19: error: unknown type name 'vector'
static __inline__ vector unsigned short __ATTRS_o_ai
                  ^
fatal error: too many errors emitted, stopping now [-ferror-limit=]
20 errors generated.
ninja: build stopped: subcommand failed.


Source file was:

          #include <altivec.h>
          vector unsigned int vzero() {
              return vec_splat_u32(0);
          }
          int main(int argc, char **argv) { return 0; }
Performing C SOURCE FILE Test CPU_SUPPORTS_ALTIVEC failed with the following output:
Change Dir: /Users/avi/Newton/cmake-build-debug/CMakeFiles/CMakeTmp

Run Build Command(s):/Applications/CLion.app/Contents/bin/ninja/mac/ninja cmTC_04135 && [1/2] Building C object CMakeFiles/cmTC_04135.dir/src.c.o
FAILED: CMakeFiles/cmTC_04135.dir/src.c.o 
/Library/Developer/CommandLineTools/usr/bin/cc -DCPU_SUPPORTS_ALTIVEC  -idirafter "/Users/avi/Newton/vendor/imgui/SDL/src/video/khronos"  -maltivec -arch arm64 -isysroot /Library/Developer/CommandLineTools/SDKs/MacOSX13.1.sdk -fcolor-diagnostics -MD -MT CMakeFiles/cmTC_04135.dir/src.c.o -MF CMakeFiles/cmTC_04135.dir/src.c.o.d -o CMakeFiles/cmTC_04135.dir/src.c.o -c /Users/avi/Newton/cmake-build-debug/CMakeFiles/CMakeTmp/src.c
clang: warning: argument unused during compilation: '-maltivec' [-Wunused-command-line-argument]
/Users/avi/Newton/cmake-build-debug/CMakeFiles/CMakeTmp/src.c:2:11: error: unknown type name 'vector'
          vector unsigned int vzero() {
          ^
/Users/avi/Newton/cmake-build-debug/CMakeFiles/CMakeTmp/src.c:3:22: error: implicit declaration of function 'vec_splat_u32' is invalid in C99 [-Werror,-Wimplicit-function-declaration]
              return vec_splat_u32(0);
                     ^
2 errors generated.
ninja: build stopped: subcommand failed.


Source file was:

          vector unsigned int vzero() {
              return vec_splat_u32(0);
          }
          int main(int argc, char **argv) { return 0; }
Determining if the include file malloc.h exists failed with the following output:
Change Dir: /Users/avi/Newton/cmake-build-debug/CMakeFiles/CMakeTmp

Run Build Command(s):/Applications/CLion.app/Contents/bin/ninja/mac/ninja cmTC_8b796 && [1/2] Building C object CMakeFiles/cmTC_8b796.dir/CheckIncludeFile.c.o
FAILED: CMakeFiles/cmTC_8b796.dir/CheckIncludeFile.c.o 
/Library/Developer/CommandLineTools/usr/bin/cc   -idirafter "/Users/avi/Newton/vendor/imgui/SDL/src/video/khronos"  -arch arm64 -isysroot /Library/Developer/CommandLineTools/SDKs/MacOSX13.1.sdk -fcolor-diagnostics -MD -MT CMakeFiles/cmTC_8b796.dir/CheckIncludeFile.c.o -MF CMakeFiles/cmTC_8b796.dir/CheckIncludeFile.c.o.d -o CMakeFiles/cmTC_8b796.dir/CheckIncludeFile.c.o -c /Users/avi/Newton/cmake-build-debug/CMakeFiles/CMakeTmp/CheckIncludeFile.c
/Users/avi/Newton/cmake-build-debug/CMakeFiles/CMakeTmp/CheckIncludeFile.c:1:10: fatal error: 'malloc.h' file not found
#include <malloc.h>
         ^~~~~~~~~~
1 error generated.
ninja: build stopped: subcommand failed.



Determining if the include file linux/input.h exists failed with the following output:
Change Dir: /Users/avi/Newton/cmake-build-debug/CMakeFiles/CMakeTmp

Run Build Command(s):/Applications/CLion.app/Contents/bin/ninja/mac/ninja cmTC_4c20e && [1/2] Building C object CMakeFiles/cmTC_4c20e.dir/CheckIncludeFile.c.o
FAILED: CMakeFiles/cmTC_4c20e.dir/CheckIncludeFile.c.o 
/Library/Developer/CommandLineTools/usr/bin/cc   -idirafter "/Users/avi/Newton/vendor/imgui/SDL/src/video/khronos"  -arch arm64 -isysroot /Library/Developer/CommandLineTools/SDKs/MacOSX13.1.sdk -fcolor-diagnostics -MD -MT CMakeFiles/cmTC_4c20e.dir/CheckIncludeFile.c.o -MF CMakeFiles/cmTC_4c20e.dir/CheckIncludeFile.c.o.d -o CMakeFiles/cmTC_4c20e.dir/CheckIncludeFile.c.o -c /Users/avi/Newton/cmake-build-debug/CMakeFiles/CMakeTmp/CheckIncludeFile.c
/Users/avi/Newton/cmake-build-debug/CMakeFiles/CMakeTmp/CheckIncludeFile.c:1:10: fatal error: 'linux/input.h' file not found
#include <linux/input.h>
         ^~~~~~~~~~~~~~~
1 error generated.
ninja: build stopped: subcommand failed.



Determining if the _strrev exist failed with the following output:
Change Dir: /Users/avi/Newton/cmake-build-debug/CMakeFiles/CMakeTmp

Run Build Command(s):/Applications/CLion.app/Contents/bin/ninja/mac/ninja cmTC_40a68 && [1/2] Building C object CMakeFiles/cmTC_40a68.dir/CheckSymbolExists.c.o
FAILED: CMakeFiles/cmTC_40a68.dir/CheckSymbolExists.c.o 
/Library/Developer/CommandLineTools/usr/bin/cc   -idirafter "/Users/avi/Newton/vendor/imgui/SDL/src/video/khronos"  -arch arm64 -isysroot /Library/Developer/CommandLineTools/SDKs/MacOSX13.1.sdk -fcolor-diagnostics -MD -MT CMakeFiles/cmTC_40a68.dir/CheckSymbolExists.c.o -MF CMakeFiles/cmTC_40a68.dir/CheckSymbolExists.c.o.d -o CMakeFiles/cmTC_40a68.dir/CheckSymbolExists.c.o -c /Users/avi/Newton/cmake-build-debug/CMakeFiles/CMakeTmp/CheckSymbolExists.c
/Users/avi/Newton/cmake-build-debug/CMakeFiles/CMakeTmp/CheckSymbolExists.c:14:19: error: use of undeclared identifier '_strrev'
  return ((int*)(&_strrev))[argc];
                  ^
1 error generated.
ninja: build stopped: subcommand failed.


File /Users/avi/Newton/cmake-build-debug/CMakeFiles/CMakeTmp/CheckSymbolExists.c:
/* */
#include <stddef.h>
#include <stdarg.h>
#include <stdlib.h>
#include <string.h>
#include <stdio.h>
#include <wchar.h>
#include <float.h>

int main(int argc, char** argv)
{
  (void)argv;
#ifndef _strrev
  return ((int*)(&_strrev))[argc];
#else
  (void)argc;
  return 0;
#endif
}
Determining if the _strupr exist failed with the following output:
Change Dir: /Users/avi/Newton/cmake-build-debug/CMakeFiles/CMakeTmp

Run Build Command(s):/Applications/CLion.app/Contents/bin/ninja/mac/ninja cmTC_df1fa && [1/2] Building C object CMakeFiles/cmTC_df1fa.dir/CheckSymbolExists.c.o
FAILED: CMakeFiles/cmTC_df1fa.dir/CheckSymbolExists.c.o 
/Library/Developer/CommandLineTools/usr/bin/cc   -idirafter "/Users/avi/Newton/vendor/imgui/SDL/src/video/khronos"  -arch arm64 -isysroot /Library/Developer/CommandLineTools/SDKs/MacOSX13.1.sdk -fcolor-diagnostics -MD -MT CMakeFiles/cmTC_df1fa.dir/CheckSymbolExists.c.o -MF CMakeFiles/cmTC_df1fa.dir/CheckSymbolExists.c.o.d -o CMakeFiles/cmTC_df1fa.dir/CheckSymbolExists.c.o -c /Users/avi/Newton/cmake-build-debug/CMakeFiles/CMakeTmp/CheckSymbolExists.c
/Users/avi/Newton/cmake-build-debug/CMakeFiles/CMakeTmp/CheckSymbolExists.c:14:19: error: use of undeclared identifier '_strupr'
  return ((int*)(&_strupr))[argc];
                  ^
1 error generated.
ninja: build stopped: subcommand failed.


File /Users/avi/Newton/cmake-build-debug/CMakeFiles/CMakeTmp/CheckSymbolExists.c:
/* */
#include <stddef.h>
#include <stdarg.h>
#include <stdlib.h>
#include <string.h>
#include <stdio.h>
#include <wchar.h>
#include <float.h>

int main(int argc, char** argv)
{
  (void)argv;
#ifndef _strupr
  return ((int*)(&_strupr))[argc];
#else
  (void)argc;
  return 0;
#endif
}
Determining if the _strlwr exist failed with the following output:
Change Dir: /Users/avi/Newton/cmake-build-debug/CMakeFiles/CMakeTmp

Run Build Command(s):/Applications/CLion.app/Contents/bin/ninja/mac/ninja cmTC_8a300 && [1/2] Building C object CMakeFiles/cmTC_8a300.dir/CheckSymbolExists.c.o
FAILED: CMakeFiles/cmTC_8a300.dir/CheckSymbolExists.c.o 
/Library/Developer/CommandLineTools/usr/bin/cc   -idirafter "/Users/avi/Newton/vendor/imgui/SDL/src/video/khronos"  -arch arm64 -isysroot /Library/Developer/CommandLineTools/SDKs/MacOSX13.1.sdk -fcolor-diagnostics -MD -MT CMakeFiles/cmTC_8a300.dir/CheckSymbolExists.c.o -MF CMakeFiles/cmTC_8a300.dir/CheckSymbolExists.c.o.d -o CMakeFiles/cmTC_8a300.dir/CheckSymbolExists.c.o -c /Users/avi/Newton/cmake-build-debug/CMakeFiles/CMakeTmp/CheckSymbolExists.c
/Users/avi/Newton/cmake-build-debug/CMakeFiles/CMakeTmp/CheckSymbolExists.c:14:19: error: use of undeclared identifier '_strlwr'
  return ((int*)(&_strlwr))[argc];
                  ^
1 error generated.
ninja: build stopped: subcommand failed.


File /Users/avi/Newton/cmake-build-debug/CMakeFiles/CMakeTmp/CheckSymbolExists.c:
/* */
#include <stddef.h>
#include <stdarg.h>
#include <stdlib.h>
#include <string.h>
#include <stdio.h>
#include <wchar.h>
#include <float.h>

int main(int argc, char** argv)
{
  (void)argv;
#ifndef _strlwr
  return ((int*)(&_strlwr))[argc];
#else
  (void)argc;
  return 0;
#endif
}
Determining if the itoa exist failed with the following output:
Change Dir: /Users/avi/Newton/cmake-build-debug/CMakeFiles/CMakeTmp

Run Build Command(s):/Applications/CLion.app/Contents/bin/ninja/mac/ninja cmTC_d09bc && [1/2] Building C object CMakeFiles/cmTC_d09bc.dir/CheckSymbolExists.c.o
FAILED: CMakeFiles/cmTC_d09bc.dir/CheckSymbolExists.c.o 
/Library/Developer/CommandLineTools/usr/bin/cc   -idirafter "/Users/avi/Newton/vendor/imgui/SDL/src/video/khronos"  -arch arm64 -isysroot /Library/Developer/CommandLineTools/SDKs/MacOSX13.1.sdk -fcolor-diagnostics -MD -MT CMakeFiles/cmTC_d09bc.dir/CheckSymbolExists.c.o -MF CMakeFiles/cmTC_d09bc.dir/CheckSymbolExists.c.o.d -o CMakeFiles/cmTC_d09bc.dir/CheckSymbolExists.c.o -c /Users/avi/Newton/cmake-build-debug/CMakeFiles/CMakeTmp/CheckSymbolExists.c
/Users/avi/Newton/cmake-build-debug/CMakeFiles/CMakeTmp/CheckSymbolExists.c:14:19: error: use of undeclared identifier 'itoa'
  return ((int*)(&itoa))[argc];
                  ^
1 error generated.
ninja: build stopped: subcommand failed.


File /Users/avi/Newton/cmake-build-debug/CMakeFiles/CMakeTmp/CheckSymbolExists.c:
/* */
#include <stddef.h>
#include <stdarg.h>
#include <stdlib.h>
#include <string.h>
#include <stdio.h>
#include <wchar.h>
#include <float.h>

int main(int argc, char** argv)
{
  (void)argv;
#ifndef itoa
  return ((int*)(&itoa))[argc];
#else
  (void)argc;
  return 0;
#endif
}
Determining if the _ltoa exist failed with the following output:
Change Dir: /Users/avi/Newton/cmake-build-debug/CMakeFiles/CMakeTmp

Run Build Command(s):/Applications/CLion.app/Contents/bin/ninja/mac/ninja cmTC_7e826 && [1/2] Building C object CMakeFiles/cmTC_7e826.dir/CheckSymbolExists.c.o
FAILED: CMakeFiles/cmTC_7e826.dir/CheckSymbolExists.c.o 
/Library/Developer/CommandLineTools/usr/bin/cc   -idirafter "/Users/avi/Newton/vendor/imgui/SDL/src/video/khronos"  -arch arm64 -isysroot /Library/Developer/CommandLineTools/SDKs/MacOSX13.1.sdk -fcolor-diagnostics -MD -MT CMakeFiles/cmTC_7e826.dir/CheckSymbolExists.c.o -MF CMakeFiles/cmTC_7e826.dir/CheckSymbolExists.c.o.d -o CMakeFiles/cmTC_7e826.dir/CheckSymbolExists.c.o -c /Users/avi/Newton/cmake-build-debug/CMakeFiles/CMakeTmp/CheckSymbolExists.c
/Users/avi/Newton/cmake-build-debug/CMakeFiles/CMakeTmp/CheckSymbolExists.c:14:19: error: use of undeclared identifier '_ltoa'
  return ((int*)(&_ltoa))[argc];
                  ^
1 error generated.
ninja: build stopped: subcommand failed.


File /Users/avi/Newton/cmake-build-debug/CMakeFiles/CMakeTmp/CheckSymbolExists.c:
/* */
#include <stddef.h>
#include <stdarg.h>
#include <stdlib.h>
#include <string.h>
#include <stdio.h>
#include <wchar.h>
#include <float.h>

int main(int argc, char** argv)
{
  (void)argv;
#ifndef _ltoa
  return ((int*)(&_ltoa))[argc];
#else
  (void)argc;
  return 0;
#endif
}
Determining if the _uitoa exist failed with the following output:
Change Dir: /Users/avi/Newton/cmake-build-debug/CMakeFiles/CMakeTmp

Run Build Command(s):/Applications/CLion.app/Contents/bin/ninja/mac/ninja cmTC_58a75 && [1/2] Building C object CMakeFiles/cmTC_58a75.dir/CheckSymbolExists.c.o
FAILED: CMakeFiles/cmTC_58a75.dir/CheckSymbolExists.c.o 
/Library/Developer/CommandLineTools/usr/bin/cc   -idirafter "/Users/avi/Newton/vendor/imgui/SDL/src/video/khronos"  -arch arm64 -isysroot /Library/Developer/CommandLineTools/SDKs/MacOSX13.1.sdk -fcolor-diagnostics -MD -MT CMakeFiles/cmTC_58a75.dir/CheckSymbolExists.c.o -MF CMakeFiles/cmTC_58a75.dir/CheckSymbolExists.c.o.d -o CMakeFiles/cmTC_58a75.dir/CheckSymbolExists.c.o -c /Users/avi/Newton/cmake-build-debug/CMakeFiles/CMakeTmp/CheckSymbolExists.c
/Users/avi/Newton/cmake-build-debug/CMakeFiles/CMakeTmp/CheckSymbolExists.c:14:19: error: use of undeclared identifier '_uitoa'
  return ((int*)(&_uitoa))[argc];
                  ^
1 error generated.
ninja: build stopped: subcommand failed.


File /Users/avi/Newton/cmake-build-debug/CMakeFiles/CMakeTmp/CheckSymbolExists.c:
/* */
#include <stddef.h>
#include <stdarg.h>
#include <stdlib.h>
#include <string.h>
#include <stdio.h>
#include <wchar.h>
#include <float.h>

int main(int argc, char** argv)
{
  (void)argv;
#ifndef _uitoa
  return ((int*)(&_uitoa))[argc];
#else
  (void)argc;
  return 0;
#endif
}
Determining if the _ultoa exist failed with the following output:
Change Dir: /Users/avi/Newton/cmake-build-debug/CMakeFiles/CMakeTmp

Run Build Command(s):/Applications/CLion.app/Contents/bin/ninja/mac/ninja cmTC_6c167 && [1/2] Building C object CMakeFiles/cmTC_6c167.dir/CheckSymbolExists.c.o
FAILED: CMakeFiles/cmTC_6c167.dir/CheckSymbolExists.c.o 
/Library/Developer/CommandLineTools/usr/bin/cc   -idirafter "/Users/avi/Newton/vendor/imgui/SDL/src/video/khronos"  -arch arm64 -isysroot /Library/Developer/CommandLineTools/SDKs/MacOSX13.1.sdk -fcolor-diagnostics -MD -MT CMakeFiles/cmTC_6c167.dir/CheckSymbolExists.c.o -MF CMakeFiles/cmTC_6c167.dir/CheckSymbolExists.c.o.d -o CMakeFiles/cmTC_6c167.dir/CheckSymbolExists.c.o -c /Users/avi/Newton/cmake-build-debug/CMakeFiles/CMakeTmp/CheckSymbolExists.c
/Users/avi/Newton/cmake-build-debug/CMakeFiles/CMakeTmp/CheckSymbolExists.c:14:19: error: use of undeclared identifier '_ultoa'
  return ((int*)(&_ultoa))[argc];
                  ^
1 error generated.
ninja: build stopped: subcommand failed.


File /Users/avi/Newton/cmake-build-debug/CMakeFiles/CMakeTmp/CheckSymbolExists.c:
/* */
#include <stddef.h>
#include <stdarg.h>
#include <stdlib.h>
#include <string.h>
#include <stdio.h>
#include <wchar.h>
#include <float.h>

int main(int argc, char** argv)
{
  (void)argv;
#ifndef _ultoa
  return ((int*)(&_ultoa))[argc];
#else
  (void)argc;
  return 0;
#endif
}
Determining if the _i64toa exist failed with the following output:
Change Dir: /Users/avi/Newton/cmake-build-debug/CMakeFiles/CMakeTmp

Run Build Command(s):/Applications/CLion.app/Contents/bin/ninja/mac/ninja cmTC_d0231 && [1/2] Building C object CMakeFiles/cmTC_d0231.dir/CheckSymbolExists.c.o
FAILED: CMakeFiles/cmTC_d0231.dir/CheckSymbolExists.c.o 
/Library/Developer/CommandLineTools/usr/bin/cc   -idirafter "/Users/avi/Newton/vendor/imgui/SDL/src/video/khronos"  -arch arm64 -isysroot /Library/Developer/CommandLineTools/SDKs/MacOSX13.1.sdk -fcolor-diagnostics -MD -MT CMakeFiles/cmTC_d0231.dir/CheckSymbolExists.c.o -MF CMakeFiles/cmTC_d0231.dir/CheckSymbolExists.c.o.d -o CMakeFiles/cmTC_d0231.dir/CheckSymbolExists.c.o -c /Users/avi/Newton/cmake-build-debug/CMakeFiles/CMakeTmp/CheckSymbolExists.c
/Users/avi/Newton/cmake-build-debug/CMakeFiles/CMakeTmp/CheckSymbolExists.c:14:19: error: use of undeclared identifier '_i64toa'
  return ((int*)(&_i64toa))[argc];
                  ^
1 error generated.
ninja: build stopped: subcommand failed.


File /Users/avi/Newton/cmake-build-debug/CMakeFiles/CMakeTmp/CheckSymbolExists.c:
/* */
#include <stddef.h>
#include <stdarg.h>
#include <stdlib.h>
#include <string.h>
#include <stdio.h>
#include <wchar.h>
#include <float.h>

int main(int argc, char** argv)
{
  (void)argv;
#ifndef _i64toa
  return ((int*)(&_i64toa))[argc];
#else
  (void)argc;
  return 0;
#endif
}
Determining if the _ui64toa exist failed with the following output:
Change Dir: /Users/avi/Newton/cmake-build-debug/CMakeFiles/CMakeTmp

Run Build Command(s):/Applications/CLion.app/Contents/bin/ninja/mac/ninja cmTC_1e384 && [1/2] Building C object CMakeFiles/cmTC_1e384.dir/CheckSymbolExists.c.o
FAILED: CMakeFiles/cmTC_1e384.dir/CheckSymbolExists.c.o 
/Library/Developer/CommandLineTools/usr/bin/cc   -idirafter "/Users/avi/Newton/vendor/imgui/SDL/src/video/khronos"  -arch arm64 -isysroot /Library/Developer/CommandLineTools/SDKs/MacOSX13.1.sdk -fcolor-diagnostics -MD -MT CMakeFiles/cmTC_1e384.dir/CheckSymbolExists.c.o -MF CMakeFiles/cmTC_1e384.dir/CheckSymbolExists.c.o.d -o CMakeFiles/cmTC_1e384.dir/CheckSymbolExists.c.o -c /Users/avi/Newton/cmake-build-debug/CMakeFiles/CMakeTmp/CheckSymbolExists.c
/Users/avi/Newton/cmake-build-debug/CMakeFiles/CMakeTmp/CheckSymbolExists.c:14:19: error: use of undeclared identifier '_ui64toa'
  return ((int*)(&_ui64toa))[argc];
                  ^
1 error generated.
ninja: build stopped: subcommand failed.


File /Users/avi/Newton/cmake-build-debug/CMakeFiles/CMakeTmp/CheckSymbolExists.c:
/* */
#include <stddef.h>
#include <stdarg.h>
#include <stdlib.h>
#include <string.h>
#include <stdio.h>
#include <wchar.h>
#include <float.h>

int main(int argc, char** argv)
{
  (void)argv;
#ifndef _ui64toa
  return ((int*)(&_ui64toa))[argc];
#else
  (void)argc;
  return 0;
#endif
}
Determining if the _stricmp exist failed with the following output:
Change Dir: /Users/avi/Newton/cmake-build-debug/CMakeFiles/CMakeTmp

Run Build Command(s):/Applications/CLion.app/Contents/bin/ninja/mac/ninja cmTC_f4570 && [1/2] Building C object CMakeFiles/cmTC_f4570.dir/CheckSymbolExists.c.o
FAILED: CMakeFiles/cmTC_f4570.dir/CheckSymbolExists.c.o 
/Library/Developer/CommandLineTools/usr/bin/cc   -idirafter "/Users/avi/Newton/vendor/imgui/SDL/src/video/khronos"  -arch arm64 -isysroot /Library/Developer/CommandLineTools/SDKs/MacOSX13.1.sdk -fcolor-diagnostics -MD -MT CMakeFiles/cmTC_f4570.dir/CheckSymbolExists.c.o -MF CMakeFiles/cmTC_f4570.dir/CheckSymbolExists.c.o.d -o CMakeFiles/cmTC_f4570.dir/CheckSymbolExists.c.o -c /Users/avi/Newton/cmake-build-debug/CMakeFiles/CMakeTmp/CheckSymbolExists.c
/Users/avi/Newton/cmake-build-debug/CMakeFiles/CMakeTmp/CheckSymbolExists.c:14:19: error: use of undeclared identifier '_stricmp'
  return ((int*)(&_stricmp))[argc];
                  ^
1 error generated.
ninja: build stopped: subcommand failed.


File /Users/avi/Newton/cmake-build-debug/CMakeFiles/CMakeTmp/CheckSymbolExists.c:
/* */
#include <stddef.h>
#include <stdarg.h>
#include <stdlib.h>
#include <string.h>
#include <stdio.h>
#include <wchar.h>
#include <float.h>

int main(int argc, char** argv)
{
  (void)argv;
#ifndef _stricmp
  return ((int*)(&_stricmp))[argc];
#else
  (void)argc;
  return 0;
#endif
}
Determining if the _strnicmp exist failed with the following output:
Change Dir: /Users/avi/Newton/cmake-build-debug/CMakeFiles/CMakeTmp

Run Build Command(s):/Applications/CLion.app/Contents/bin/ninja/mac/ninja cmTC_53428 && [1/2] Building C object CMakeFiles/cmTC_53428.dir/CheckSymbolExists.c.o
FAILED: CMakeFiles/cmTC_53428.dir/CheckSymbolExists.c.o 
/Library/Developer/CommandLineTools/usr/bin/cc   -idirafter "/Users/avi/Newton/vendor/imgui/SDL/src/video/khronos"  -arch arm64 -isysroot /Library/Developer/CommandLineTools/SDKs/MacOSX13.1.sdk -fcolor-diagnostics -MD -MT CMakeFiles/cmTC_53428.dir/CheckSymbolExists.c.o -MF CMakeFiles/cmTC_53428.dir/CheckSymbolExists.c.o.d -o CMakeFiles/cmTC_53428.dir/CheckSymbolExists.c.o -c /Users/avi/Newton/cmake-build-debug/CMakeFiles/CMakeTmp/CheckSymbolExists.c
/Users/avi/Newton/cmake-build-debug/CMakeFiles/CMakeTmp/CheckSymbolExists.c:14:19: error: use of undeclared identifier '_strnicmp'; did you mean 'strncmp'?
  return ((int*)(&_strnicmp))[argc];
                  ^~~~~~~~~
                  strncmp
/Library/Developer/CommandLineTools/SDKs/MacOSX13.1.sdk/usr/include/string.h:84:6: note: 'strncmp' declared here
int      strncmp(const char *__s1, const char *__s2, size_t __n);
         ^
1 error generated.
ninja: build stopped: subcommand failed.


File /Users/avi/Newton/cmake-build-debug/CMakeFiles/CMakeTmp/CheckSymbolExists.c:
/* */
#include <stddef.h>
#include <stdarg.h>
#include <stdlib.h>
#include <string.h>
#include <stdio.h>
#include <wchar.h>
#include <float.h>

int main(int argc, char** argv)
{
  (void)argv;
#ifndef _strnicmp
  return ((int*)(&_strnicmp))[argc];
#else
  (void)argc;
  return 0;
#endif
}
Determining if the _wcsdup exist failed with the following output:
Change Dir: /Users/avi/Newton/cmake-build-debug/CMakeFiles/CMakeTmp

Run Build Command(s):/Applications/CLion.app/Contents/bin/ninja/mac/ninja cmTC_4ae62 && [1/2] Building C object CMakeFiles/cmTC_4ae62.dir/CheckSymbolExists.c.o
FAILED: CMakeFiles/cmTC_4ae62.dir/CheckSymbolExists.c.o 
/Library/Developer/CommandLineTools/usr/bin/cc   -idirafter "/Users/avi/Newton/vendor/imgui/SDL/src/video/khronos"  -arch arm64 -isysroot /Library/Developer/CommandLineTools/SDKs/MacOSX13.1.sdk -fcolor-diagnostics -MD -MT CMakeFiles/cmTC_4ae62.dir/CheckSymbolExists.c.o -MF CMakeFiles/cmTC_4ae62.dir/CheckSymbolExists.c.o.d -o CMakeFiles/cmTC_4ae62.dir/CheckSymbolExists.c.o -c /Users/avi/Newton/cmake-build-debug/CMakeFiles/CMakeTmp/CheckSymbolExists.c
/Users/avi/Newton/cmake-build-debug/CMakeFiles/CMakeTmp/CheckSymbolExists.c:14:19: error: use of undeclared identifier '_wcsdup'; did you mean 'wcsdup'?
  return ((int*)(&_wcsdup))[argc];
                  ^~~~~~~
                  wcsdup
/Library/Developer/CommandLineTools/SDKs/MacOSX13.1.sdk/usr/include/wchar.h:199:10: note: 'wcsdup' declared here
wchar_t *wcsdup(const wchar_t *) __OSX_AVAILABLE_STARTING(__MAC_10_7, __IPHONE_4_3);
         ^
1 error generated.
ninja: build stopped: subcommand failed.


File /Users/avi/Newton/cmake-build-debug/CMakeFiles/CMakeTmp/CheckSymbolExists.c:
/* */
#include <stddef.h>
#include <stdarg.h>
#include <stdlib.h>
#include <string.h>
#include <stdio.h>
#include <wchar.h>
#include <float.h>

int main(int argc, char** argv)
{
  (void)argv;
#ifndef _wcsdup
  return ((int*)(&_wcsdup))[argc];
#else
  (void)argc;
  return 0;
#endif
}
Determining if the _wcsicmp exist failed with the following output:
Change Dir: /Users/avi/Newton/cmake-build-debug/CMakeFiles/CMakeTmp

Run Build Command(s):/Applications/CLion.app/Contents/bin/ninja/mac/ninja cmTC_90832 && [1/2] Building C object CMakeFiles/cmTC_90832.dir/CheckSymbolExists.c.o
FAILED: CMakeFiles/cmTC_90832.dir/CheckSymbolExists.c.o 
/Library/Developer/CommandLineTools/usr/bin/cc   -idirafter "/Users/avi/Newton/vendor/imgui/SDL/src/video/khronos"  -arch arm64 -isysroot /Library/Developer/CommandLineTools/SDKs/MacOSX13.1.sdk -fcolor-diagnostics -MD -MT CMakeFiles/cmTC_90832.dir/CheckSymbolExists.c.o -MF CMakeFiles/cmTC_90832.dir/CheckSymbolExists.c.o.d -o CMakeFiles/cmTC_90832.dir/CheckSymbolExists.c.o -c /Users/avi/Newton/cmake-build-debug/CMakeFiles/CMakeTmp/CheckSymbolExists.c
/Users/avi/Newton/cmake-build-debug/CMakeFiles/CMakeTmp/CheckSymbolExists.c:14:19: error: use of undeclared identifier '_wcsicmp'
  return ((int*)(&_wcsicmp))[argc];
                  ^
1 error generated.
ninja: build stopped: subcommand failed.


File /Users/avi/Newton/cmake-build-debug/CMakeFiles/CMakeTmp/CheckSymbolExists.c:
/* */
#include <stddef.h>
#include <stdarg.h>
#include <stdlib.h>
#include <string.h>
#include <stdio.h>
#include <wchar.h>
#include <float.h>

int main(int argc, char** argv)
{
  (void)argv;
#ifndef _wcsicmp
  return ((int*)(&_wcsicmp))[argc];
#else
  (void)argc;
  return 0;
#endif
}
Determining if the _wcsnicmp exist failed with the following output:
Change Dir: /Users/avi/Newton/cmake-build-debug/CMakeFiles/CMakeTmp

Run Build Command(s):/Applications/CLion.app/Contents/bin/ninja/mac/ninja cmTC_b7a7f && [1/2] Building C object CMakeFiles/cmTC_b7a7f.dir/CheckSymbolExists.c.o
FAILED: CMakeFiles/cmTC_b7a7f.dir/CheckSymbolExists.c.o 
/Library/Developer/CommandLineTools/usr/bin/cc   -idirafter "/Users/avi/Newton/vendor/imgui/SDL/src/video/khronos"  -arch arm64 -isysroot /Library/Developer/CommandLineTools/SDKs/MacOSX13.1.sdk -fcolor-diagnostics -MD -MT CMakeFiles/cmTC_b7a7f.dir/CheckSymbolExists.c.o -MF CMakeFiles/cmTC_b7a7f.dir/CheckSymbolExists.c.o.d -o CMakeFiles/cmTC_b7a7f.dir/CheckSymbolExists.c.o -c /Users/avi/Newton/cmake-build-debug/CMakeFiles/CMakeTmp/CheckSymbolExists.c
/Users/avi/Newton/cmake-build-debug/CMakeFiles/CMakeTmp/CheckSymbolExists.c:14:19: error: use of undeclared identifier '_wcsnicmp'; did you mean 'wcsncmp'?
  return ((int*)(&_wcsnicmp))[argc];
                  ^~~~~~~~~
                  wcsncmp
/Library/Developer/CommandLineTools/SDKs/MacOSX13.1.sdk/usr/include/wchar.h:134:5: note: 'wcsncmp' declared here
int     wcsncmp(const wchar_t *, const wchar_t *, size_t);
        ^
1 error generated.
ninja: build stopped: subcommand failed.


File /Users/avi/Newton/cmake-build-debug/CMakeFiles/CMakeTmp/CheckSymbolExists.c:
/* */
#include <stddef.h>
#include <stdarg.h>
#include <stdlib.h>
#include <string.h>
#include <stdio.h>
#include <wchar.h>
#include <float.h>

int main(int argc, char** argv)
{
  (void)argv;
#ifndef _wcsnicmp
  return ((int*)(&_wcsnicmp))[argc];
#else
  (void)argc;
  return 0;
#endif
}
Determining if the fopen64 exist failed with the following output:
Change Dir: /Users/avi/Newton/cmake-build-debug/CMakeFiles/CMakeTmp

Run Build Command(s):/Applications/CLion.app/Contents/bin/ninja/mac/ninja cmTC_f87e7 && [1/2] Building C object CMakeFiles/cmTC_f87e7.dir/CheckSymbolExists.c.o
FAILED: CMakeFiles/cmTC_f87e7.dir/CheckSymbolExists.c.o 
/Library/Developer/CommandLineTools/usr/bin/cc   -idirafter "/Users/avi/Newton/vendor/imgui/SDL/src/video/khronos"  -arch arm64 -isysroot /Library/Developer/CommandLineTools/SDKs/MacOSX13.1.sdk -fcolor-diagnostics -MD -MT CMakeFiles/cmTC_f87e7.dir/CheckSymbolExists.c.o -MF CMakeFiles/cmTC_f87e7.dir/CheckSymbolExists.c.o.d -o CMakeFiles/cmTC_f87e7.dir/CheckSymbolExists.c.o -c /Users/avi/Newton/cmake-build-debug/CMakeFiles/CMakeTmp/CheckSymbolExists.c
/Users/avi/Newton/cmake-build-debug/CMakeFiles/CMakeTmp/CheckSymbolExists.c:14:19: error: use of undeclared identifier 'fopen64'; did you mean 'fopen'?
  return ((int*)(&fopen64))[argc];
                  ^~~~~~~
                  fopen
/Library/Developer/CommandLineTools/SDKs/MacOSX13.1.sdk/usr/include/stdio.h:153:7: note: 'fopen' declared here
FILE    *fopen(const char * __restrict __filename, const char * __restrict __mode) __DARWIN_ALIAS_STARTING(__MAC_10_6, __IPHONE_2_0, __DARWIN_ALIAS(fopen));
         ^
1 error generated.
ninja: build stopped: subcommand failed.


File /Users/avi/Newton/cmake-build-debug/CMakeFiles/CMakeTmp/CheckSymbolExists.c:
/* */
#include <stddef.h>
#include <stdarg.h>
#include <stdlib.h>
#include <string.h>
#include <stdio.h>
#include <wchar.h>
#include <float.h>

int main(int argc, char** argv)
{
  (void)argv;
#ifndef fopen64
  return ((int*)(&fopen64))[argc];
#else
  (void)argc;
  return 0;
#endif
}
Determining if the fseeko64 exist failed with the following output:
Change Dir: /Users/avi/Newton/cmake-build-debug/CMakeFiles/CMakeTmp

Run Build Command(s):/Applications/CLion.app/Contents/bin/ninja/mac/ninja cmTC_33096 && [1/2] Building C object CMakeFiles/cmTC_33096.dir/CheckSymbolExists.c.o
FAILED: CMakeFiles/cmTC_33096.dir/CheckSymbolExists.c.o 
/Library/Developer/CommandLineTools/usr/bin/cc   -idirafter "/Users/avi/Newton/vendor/imgui/SDL/src/video/khronos"  -arch arm64 -isysroot /Library/Developer/CommandLineTools/SDKs/MacOSX13.1.sdk -fcolor-diagnostics -MD -MT CMakeFiles/cmTC_33096.dir/CheckSymbolExists.c.o -MF CMakeFiles/cmTC_33096.dir/CheckSymbolExists.c.o.d -o CMakeFiles/cmTC_33096.dir/CheckSymbolExists.c.o -c /Users/avi/Newton/cmake-build-debug/CMakeFiles/CMakeTmp/CheckSymbolExists.c
/Users/avi/Newton/cmake-build-debug/CMakeFiles/CMakeTmp/CheckSymbolExists.c:14:19: error: use of undeclared identifier 'fseeko64'; did you mean 'fseeko'?
  return ((int*)(&fseeko64))[argc];
                  ^~~~~~~~
                  fseeko
/Library/Developer/CommandLineTools/SDKs/MacOSX13.1.sdk/usr/include/stdio.h:337:6: note: 'fseeko' declared here
int      fseeko(FILE * __stream, off_t __offset, int __whence);
         ^
1 error generated.
ninja: build stopped: subcommand failed.


File /Users/avi/Newton/cmake-build-debug/CMakeFiles/CMakeTmp/CheckSymbolExists.c:
/* */
#include <stddef.h>
#include <stdarg.h>
#include <stdlib.h>
#include <string.h>
#include <stdio.h>
#include <wchar.h>
#include <float.h>

int main(int argc, char** argv)
{
  (void)argv;
#ifndef fseeko64
  return ((int*)(&fseeko64))[argc];
#else
  (void)argc;
  return 0;
#endif
}
Determining if the getauxval exist failed with the following output:
Change Dir: /Users/avi/Newton/cmake-build-debug/CMakeFiles/CMakeTmp

Run Build Command(s):/Applications/CLion.app/Contents/bin/ninja/mac/ninja cmTC_311ee && [1/2] Building C object CMakeFiles/cmTC_311ee.dir/CheckSymbolExists.c.o
FAILED: CMakeFiles/cmTC_311ee.dir/CheckSymbolExists.c.o 
/Library/Developer/CommandLineTools/usr/bin/cc   -idirafter "/Users/avi/Newton/vendor/imgui/SDL/src/video/khronos"  -arch arm64 -isysroot /Library/Developer/CommandLineTools/SDKs/MacOSX13.1.sdk -fcolor-diagnostics -MD -MT CMakeFiles/cmTC_311ee.dir/CheckSymbolExists.c.o -MF CMakeFiles/cmTC_311ee.dir/CheckSymbolExists.c.o.d -o CMakeFiles/cmTC_311ee.dir/CheckSymbolExists.c.o -c /Users/avi/Newton/cmake-build-debug/CMakeFiles/CMakeTmp/CheckSymbolExists.c
/Users/avi/Newton/cmake-build-debug/CMakeFiles/CMakeTmp/CheckSymbolExists.c:2:10: fatal error: 'sys/auxv.h' file not found
#include <sys/auxv.h>
         ^~~~~~~~~~~~
1 error generated.
ninja: build stopped: subcommand failed.


File /Users/avi/Newton/cmake-build-debug/CMakeFiles/CMakeTmp/CheckSymbolExists.c:
/* */
#include <sys/auxv.h>

int main(int argc, char** argv)
{
  (void)argv;
#ifndef getauxval
  return ((int*)(&getauxval))[argc];
#else
  (void)argc;
  return 0;
#endif
}
Determining if the elf_aux_info exist failed with the following output:
Change Dir: /Users/avi/Newton/cmake-build-debug/CMakeFiles/CMakeTmp

Run Build Command(s):/Applications/CLion.app/Contents/bin/ninja/mac/ninja cmTC_7ca5a && [1/2] Building C object CMakeFiles/cmTC_7ca5a.dir/CheckSymbolExists.c.o
FAILED: CMakeFiles/cmTC_7ca5a.dir/CheckSymbolExists.c.o 
/Library/Developer/CommandLineTools/usr/bin/cc   -idirafter "/Users/avi/Newton/vendor/imgui/SDL/src/video/khronos"  -arch arm64 -isysroot /Library/Developer/CommandLineTools/SDKs/MacOSX13.1.sdk -fcolor-diagnostics -MD -MT CMakeFiles/cmTC_7ca5a.dir/CheckSymbolExists.c.o -MF CMakeFiles/cmTC_7ca5a.dir/CheckSymbolExists.c.o.d -o CMakeFiles/cmTC_7ca5a.dir/CheckSymbolExists.c.o -c /Users/avi/Newton/cmake-build-debug/CMakeFiles/CMakeTmp/CheckSymbolExists.c
/Users/avi/Newton/cmake-build-debug/CMakeFiles/CMakeTmp/CheckSymbolExists.c:2:10: fatal error: 'sys/auxv.h' file not found
#include <sys/auxv.h>
         ^~~~~~~~~~~~
1 error generated.
ninja: build stopped: subcommand failed.


File /Users/avi/Newton/cmake-build-debug/CMakeFiles/CMakeTmp/CheckSymbolExists.c:
/* */
#include <sys/auxv.h>

int main(int argc, char** argv)
{
  (void)argv;
#ifndef elf_aux_info
  return ((int*)(&elf_aux_info))[argc];
#else
  (void)argc;
  return 0;
#endif
}
Performing C SOURCE FILE Test HAVE_SEM_TIMEDWAIT failed with the following output:
Change Dir: /Users/avi/Newton/cmake-build-debug/CMakeFiles/CMakeTmp

Run Build Command(s):/Applications/CLion.app/Contents/bin/ninja/mac/ninja cmTC_01173 && [1/2] Building C object CMakeFiles/cmTC_01173.dir/src.c.o
FAILED: CMakeFiles/cmTC_01173.dir/src.c.o 
/Library/Developer/CommandLineTools/usr/bin/cc -DHAVE_SEM_TIMEDWAIT  -idirafter "/Users/avi/Newton/vendor/imgui/SDL/src/video/khronos"  -D_THREAD_SAFE -arch arm64 -isysroot /Library/Developer/CommandLineTools/SDKs/MacOSX13.1.sdk -fcolor-diagnostics -MD -MT CMakeFiles/cmTC_01173.dir/src.c.o -MF CMakeFiles/cmTC_01173.dir/src.c.o.d -o CMakeFiles/cmTC_01173.dir/src.c.o -c /Users/avi/Newton/cmake-build-debug/CMakeFiles/CMakeTmp/src.c
/Users/avi/Newton/cmake-build-debug/CMakeFiles/CMakeTmp/src.c:5:19: error: implicit declaration of function 'sem_timedwait' is invalid in C99 [-Werror,-Wimplicit-function-declaration]
                  sem_timedwait(NULL, NULL);
                  ^
/Users/avi/Newton/cmake-build-debug/CMakeFiles/CMakeTmp/src.c:5:19: note: did you mean 'sem_trywait'?
/Library/Developer/CommandLineTools/SDKs/MacOSX13.1.sdk/usr/include/sys/semaphore.h:58:5: note: 'sem_trywait' declared here
int sem_trywait(sem_t *);
    ^
1 error generated.
ninja: build stopped: subcommand failed.


Source file was:

              #include <pthread.h>
              #include <semaphore.h>
              int main(int argc, char **argv) {
                  sem_timedwait(NULL, NULL);
                  return 0;
              }
Determining if the include file pthread_np.h exists failed with the following output:
Change Dir: /Users/avi/Newton/cmake-build-debug/CMakeFiles/CMakeTmp

Run Build Command(s):/Applications/CLion.app/Contents/bin/ninja/mac/ninja cmTC_2f072 && [1/2] Building C object CMakeFiles/cmTC_2f072.dir/CheckIncludeFile.c.o
FAILED: CMakeFiles/cmTC_2f072.dir/CheckIncludeFile.c.o 
/Library/Developer/CommandLineTools/usr/bin/cc   -idirafter "/Users/avi/Newton/vendor/imgui/SDL/src/video/khronos"  -D_THREAD_SAFE -arch arm64 -isysroot /Library/Developer/CommandLineTools/SDKs/MacOSX13.1.sdk -fcolor-diagnostics -MD -MT CMakeFiles/cmTC_2f072.dir/CheckIncludeFile.c.o -MF CMakeFiles/cmTC_2f072.dir/CheckIncludeFile.c.o.d -o CMakeFiles/cmTC_2f072.dir/CheckIncludeFile.c.o -c /Users/avi/Newton/cmake-build-debug/CMakeFiles/CMakeTmp/CheckIncludeFile.c
/Users/avi/Newton/cmake-build-debug/CMakeFiles/CMakeTmp/CheckIncludeFile.c:1:10: fatal error: 'pthread_np.h' file not found
#include <pthread_np.h>
         ^~~~~~~~~~~~~~
1 error generated.
ninja: build stopped: subcommand failed.



Performing C SOURCE FILE Test HAVE_PTHREAD_SETNAME_NP failed with the following output:
Change Dir: /Users/avi/Newton/cmake-build-debug/CMakeFiles/CMakeTmp

Run Build Command(s):/Applications/CLion.app/Contents/bin/ninja/mac/ninja cmTC_1dcd7 && [1/2] Building C object CMakeFiles/cmTC_1dcd7.dir/src.c.o
FAILED: CMakeFiles/cmTC_1dcd7.dir/src.c.o 
/Library/Developer/CommandLineTools/usr/bin/cc -DHAVE_PTHREAD_SETNAME_NP  -idirafter "/Users/avi/Newton/vendor/imgui/SDL/src/video/khronos"  -D_THREAD_SAFE -arch arm64 -isysroot /Library/Developer/CommandLineTools/SDKs/MacOSX13.1.sdk -fcolor-diagnostics -MD -MT CMakeFiles/cmTC_1dcd7.dir/src.c.o -MF CMakeFiles/cmTC_1dcd7.dir/src.c.o.d -o CMakeFiles/cmTC_1dcd7.dir/src.c.o -c /Users/avi/Newton/cmake-build-debug/CMakeFiles/CMakeTmp/src.c
/Users/avi/Newton/cmake-build-debug/CMakeFiles/CMakeTmp/src.c:5:50: error: too many arguments to function call, expected 1, have 2
              pthread_setname_np(pthread_self(), "");
              ~~~~~~~~~~~~~~~~~~                 ^~
/Library/Developer/CommandLineTools/SDKs/MacOSX13.1.sdk/usr/include/pthread.h:535:5: note: 'pthread_setname_np' declared here
int     pthread_setname_np(const char*);
        ^
1 error generated.
ninja: build stopped: subcommand failed.


Source file was:

            #define _GNU_SOURCE 1
            #include <pthread.h>
            int main(int argc, char **argv) {
              pthread_setname_np(pthread_self(), "");
              return 0;
            }
